TN:
SF:src\data\sweetShopData.js
FNF:0
FNH:0
DA:1,7
LF:1
LH:1
BRF:0
BRH:0
end_of_record
TN:
SF:src\inventory\addSweet.js
FN:4,addSweet
FN:11,(anonymous_1)
FNF:2
FNH:2
FNDA:82,addSweet
FNDA:85,(anonymous_1)
DA:6,82
DA:7,1
DA:11,85
DA:12,81
DA:13,1
DA:16,80
LF:6
LH:6
BRDA:6,0,0,1
BRDA:6,0,1,81
BRDA:12,1,0,1
BRDA:12,1,1,80
BRF:4
BRH:4
end_of_record
TN:
SF:src\inventory\deleteSweet.js
FN:4,deleteSweet
FN:5,(anonymous_1)
FNF:2
FNH:2
FNDA:5,deleteSweet
FNDA:4,(anonymous_1)
DA:5,5
DA:6,5
DA:7,2
DA:10,3
LF:4
LH:4
BRDA:6,0,0,2
BRDA:6,0,1,3
BRF:2
BRH:2
end_of_record
TN:
SF:src\inventory\getAllSweets.js
FN:3,getAllSweets
FNF:1
FNH:1
FNDA:3,getAllSweets
DA:4,3
LF:1
LH:1
BRF:0
BRH:0
end_of_record
TN:
SF:src\inventory\restockSweet.js
FN:3,restockSweet
FN:8,(anonymous_1)
FNF:2
FNH:2
FNDA:6,restockSweet
FNDA:3,(anonymous_1)
DA:4,6
DA:5,2
DA:8,4
DA:9,4
DA:10,1
DA:13,3
LF:6
LH:6
BRDA:4,0,0,2
BRDA:4,0,1,4
BRDA:9,1,0,1
BRDA:9,1,1,3
BRF:4
BRH:4
end_of_record
TN:
SF:src\models\Sweet.js
FN:2,(anonymous_0)
FNF:1
FNH:1
FNDA:85,(anonymous_0)
DA:3,85
DA:4,4
DA:6,81
DA:7,81
DA:8,81
DA:9,81
DA:10,81
LF:7
LH:7
BRDA:3,0,0,4
BRDA:3,0,1,81
BRDA:3,1,0,85
BRDA:3,1,1,84
BRDA:3,1,2,83
BRDA:3,1,3,83
BRDA:3,1,4,82
BRF:7
BRH:7
end_of_record
TN:
SF:src\operations\purchaseSweet.js
FN:3,purchaseSweet
FN:10,(anonymous_1)
FNF:2
FNH:2
FNDA:7,purchaseSweet
FNDA:4,(anonymous_1)
DA:5,7
DA:6,2
DA:10,5
DA:11,5
DA:12,1
DA:16,4
DA:17,1
DA:20,3
LF:8
LH:8
BRDA:5,0,0,2
BRDA:5,0,1,5
BRDA:11,1,0,1
BRDA:11,1,1,4
BRDA:16,2,0,1
BRDA:16,2,1,3
BRF:6
BRH:6
end_of_record
TN:
SF:src\operations\searchSweet.js
FN:4,searchByName
FN:5,(anonymous_1)
FN:10,searchByCategory
FN:11,(anonymous_3)
FN:16,searchByPriceRange
FN:21,(anonymous_5)
FNF:6
FNH:6
FNDA:2,searchByName
FNDA:8,(anonymous_1)
FNDA:2,searchByCategory
FNDA:8,(anonymous_3)
FNDA:6,searchByPriceRange
FNDA:12,(anonymous_5)
DA:5,2
DA:6,8
DA:11,2
DA:12,8
DA:17,6
DA:18,3
DA:21,3
DA:22,12
LF:8
LH:8
BRDA:17,0,0,3
BRDA:17,0,1,3
BRDA:17,1,0,6
BRDA:17,1,1,5
BRDA:17,1,2,4
BRDA:22,2,0,12
BRDA:22,2,1,7
BRF:7
BRH:7
end_of_record
TN:
SF:src\operations\sortSweet.js
FN:4,sortBy
FN:18,(anonymous_1)
FNF:2
FNH:2
FNDA:7,sortBy
FNDA:18,(anonymous_1)
DA:5,7
DA:6,7
DA:9,7
DA:10,1
DA:13,6
DA:14,1
DA:18,5
DA:19,18
DA:20,10
DA:22,8
DA:26,5
LF:11
LH:11
BRDA:4,0,0,5
BRDA:9,1,0,1
BRDA:9,1,1,6
BRDA:13,2,0,1
BRDA:13,2,1,5
BRDA:19,3,0,10
BRDA:19,3,1,8
BRDA:26,4,0,1
BRDA:26,4,1,4
BRF:9
BRH:9
end_of_record
